<?xml version="1.0" encoding="UTF-8"?>
<testng-results ignored="0" total="1" passed="1" failed="0" skipped="0">
  <reporter-output>
  </reporter-output>
  <suite started-at="2022-11-15T11:19:25 IST" name="Default suite" finished-at="2022-11-15T11:19:58 IST" duration-ms="33324">
    <groups>
    </groups>
    <test started-at="2022-11-15T11:19:25 IST" name="Default test" finished-at="2022-11-15T11:19:58 IST" duration-ms="33324">
      <class name="com.tests.LoginTest">
        <test-method is-config="true" signature="openBrowser()[pri:0, instance:com.tests.LoginTest@c88a337]" started-at="2022-11-15T11:19:25 IST" name="openBrowser" finished-at="2022-11-15T11:19:48 IST" duration-ms="23152" status="PASS">
          <reporter-output>
          </reporter-output>
        </test-method> <!-- openBrowser -->
        <test-method signature="loginPepper()[pri:0, instance:com.tests.LoginTest@c88a337]" started-at="2022-11-15T11:19:48 IST" name="loginPepper" finished-at="2022-11-15T11:19:54 IST" duration-ms="6088" status="PASS">
          <reporter-output>
          </reporter-output>
        </test-method> <!-- loginPepper -->
        <test-method is-config="true" signature="tearDown()[pri:0, instance:com.tests.LoginTest@c88a337]" started-at="2022-11-15T11:19:54 IST" name="tearDown" finished-at="2022-11-15T11:19:58 IST" duration-ms="4013" status="PASS">
          <reporter-output>
          </reporter-output>
        </test-method> <!-- tearDown -->
      </class> <!-- com.tests.LoginTest -->
    </test> <!-- Default test -->
  </suite> <!-- Default suite -->
</testng-results>
